  [1m[36mActiveRecord::SchemaMigration Load (0.3ms)[0m  [1mSELECT "schema_migrations".* FROM "schema_migrations"[0m
  [1m[35mActiveRecord::SchemaMigration Load (0.1ms)[0m  SELECT "schema_migrations".* FROM "schema_migrations"


Started GET "/" for 127.0.0.1 at 2014-03-14 14:25:43 -0500
  [1m[36mActiveRecord::SchemaMigration Load (0.3ms)[0m  [1mSELECT "schema_migrations".* FROM "schema_migrations"[0m
Processing by HomeController#index as HTML
  [1m[35mUser Load (1.2ms)[0m  SELECT "users".* FROM "users" WHERE "users"."id" = 1 ORDER BY "users"."id" ASC LIMIT 1
  Rendered home/index.html.erb within layouts/application (17.3ms)
  Rendered partials/_social.html.erb (0.3ms)
Completed 200 OK in 292ms (Views: 272.9ms | ActiveRecord: 2.5ms)


Started GET "/assets/application.css?body=1" for 127.0.0.1 at 2014-03-14 14:25:43 -0500


Started GET "/assets/jquery.js?body=1" for 127.0.0.1 at 2014-03-14 14:25:43 -0500


Started GET "/assets/jquery_ujs.js?body=1" for 127.0.0.1 at 2014-03-14 14:25:43 -0500


Started GET "/assets/application.js?body=1" for 127.0.0.1 at 2014-03-14 14:25:43 -0500


Started GET "/assets/turbolinks.js?body=1" for 127.0.0.1 at 2014-03-14 14:25:43 -0500


Started GET "/users/edit" for 127.0.0.1 at 2014-03-14 14:25:55 -0500
Processing by Devise::RegistrationsController#edit as HTML
  [1m[36mUser Load (0.6ms)[0m  [1mSELECT "users".* FROM "users" WHERE "users"."id" = 1 ORDER BY "users"."id" ASC LIMIT 1[0m
  Rendered devise/registrations/edit.html.erb within layouts/application (14.8ms)
  Rendered partials/_social.html.erb (0.2ms)
Completed 200 OK in 24ms (Views: 19.8ms | ActiveRecord: 0.6ms)


Started PUT "/users" for 127.0.0.1 at 2014-03-14 14:26:18 -0500
Processing by Devise::RegistrationsController#update as HTML
  Parameters: {"utf8"=>"✓", "authenticity_token"=>"b4Oo50h0V448jEWVFoJvhxLoBhpNPi1uMvUcy9zESyo=", "user"=>{"first_name"=>"chris", "last_name"=>"p", "email"=>"s@u.com", "password"=>"[FILTERED]", "password_confirmation"=>"[FILTERED]", "current_password"=>"[FILTERED]"}, "commit"=>"Update"}
  [1m[35mUser Load (0.4ms)[0m  SELECT "users".* FROM "users" WHERE "users"."id" = 1 ORDER BY "users"."id" ASC LIMIT 1
  [1m[36mUser Load (2.2ms)[0m  [1mSELECT "users".* FROM "users" WHERE "users"."id" = $1 LIMIT 1[0m  [["id", 1]]
  [1m[35m (0.2ms)[0m  BEGIN
  [1m[36mSQL (1.9ms)[0m  [1mUPDATE "users" SET "first_name" = $1, "last_name" = $2, "updated_at" = $3 WHERE "users"."id" = 1[0m  [["first_name", "chris"], ["last_name", "p"], ["updated_at", Fri, 14 Mar 2014 19:26:18 UTC +00:00]]
  [1m[35m (0.9ms)[0m  COMMIT
Redirected to http://localhost:3000/
Completed 302 Found in 123ms (ActiveRecord: 5.7ms)


Started GET "/" for 127.0.0.1 at 2014-03-14 14:26:18 -0500
Processing by HomeController#index as HTML
  [1m[36mUser Load (0.3ms)[0m  [1mSELECT "users".* FROM "users" WHERE "users"."id" = 1 ORDER BY "users"."id" ASC LIMIT 1[0m
  Rendered home/index.html.erb within layouts/application (1.6ms)
  Rendered partials/_social.html.erb (0.0ms)
Completed 200 OK in 6ms (Views: 5.5ms | ActiveRecord: 0.3ms)


Started GET "/assets/application.css?body=1" for 127.0.0.1 at 2014-03-14 14:26:18 -0500


Started GET "/assets/application.js?body=1" for 127.0.0.1 at 2014-03-14 14:26:18 -0500
  [1m[36mUser Load (1.1ms)[0m  [1mSELECT "users".* FROM "users"[0m


Started GET "/" for 127.0.0.1 at 2014-03-14 14:31:59 -0500
Processing by HomeController#index as HTML
  [1m[35mUser Load (0.4ms)[0m  SELECT "users".* FROM "users" WHERE "users"."id" = 1 ORDER BY "users"."id" ASC LIMIT 1
  Rendered home/index.html.erb within layouts/application (1.3ms)
  Rendered partials/_social.html.erb (0.0ms)
Completed 200 OK in 5ms (Views: 4.1ms | ActiveRecord: 0.4ms)


Started GET "/assets/jquery.js?body=1" for 127.0.0.1 at 2014-03-14 14:31:59 -0500


Started GET "/assets/application.css?body=1" for 127.0.0.1 at 2014-03-14 14:31:59 -0500


Started GET "/assets/turbolinks.js?body=1" for 127.0.0.1 at 2014-03-14 14:31:59 -0500


Started GET "/assets/jquery_ujs.js?body=1" for 127.0.0.1 at 2014-03-14 14:31:59 -0500


Started GET "/assets/application.js?body=1" for 127.0.0.1 at 2014-03-14 14:31:59 -0500


Started GET "/posts" for 127.0.0.1 at 2014-03-14 14:32:07 -0500
Processing by PostsController#index as HTML
  [1m[36m (0.3ms)[0m  [1mSELECT COUNT(*) FROM "posts"[0m
  Rendered posts/index.html.erb within layouts/application (3.7ms)
  [1m[35mUser Load (0.2ms)[0m  SELECT "users".* FROM "users" WHERE "users"."id" = 1 ORDER BY "users"."id" ASC LIMIT 1
  Rendered partials/_social.html.erb (0.0ms)
Completed 200 OK in 15ms (Views: 7.1ms | ActiveRecord: 1.8ms)


Started GET "/posts/new" for 127.0.0.1 at 2014-03-14 14:32:09 -0500
Processing by PostsController#new as HTML
  Rendered posts/new.html.erb within layouts/application (6.0ms)
  [1m[36mUser Load (0.4ms)[0m  [1mSELECT "users".* FROM "users" WHERE "users"."id" = 1 ORDER BY "users"."id" ASC LIMIT 1[0m
  Rendered partials/_social.html.erb (0.0ms)
Completed 200 OK in 13ms (Views: 11.4ms | ActiveRecord: 0.4ms)


Started POST "/posts" for 127.0.0.1 at 2014-03-14 14:32:23 -0500
Processing by PostsController#create as HTML
  Parameters: {"utf8"=>"✓", "authenticity_token"=>"b4Oo50h0V448jEWVFoJvhxLoBhpNPi1uMvUcy9zESyo=", "post"=>{"content"=>"Sausage meatloaf bacon pancetta flank rump shankle meatball. Flank corned beef turducken, kevin short ribs pork belly doner. Pork shankle landjaeger ribeye sirloin drumstick leberkas venison meatloaf short ribs ham capicola frankfurter brisket tail. Leberkas frankfurter pork loin, capicola pork chop landjaeger ham pork boudin ball tip chuck kevin chicken tri-tip."}, "commit"=>"Create Post"}
  [1m[35m (0.1ms)[0m  BEGIN
  [1m[36mSQL (0.7ms)[0m  [1mINSERT INTO "posts" ("content", "created_at", "updated_at") VALUES ($1, $2, $3) RETURNING "id"[0m  [["content", "Sausage meatloaf bacon pancetta flank rump shankle meatball. Flank corned beef turducken, kevin short ribs pork belly doner. Pork shankle landjaeger ribeye sirloin drumstick leberkas venison meatloaf short ribs ham capicola frankfurter brisket tail. Leberkas frankfurter pork loin, capicola pork chop landjaeger ham pork boudin ball tip chuck kevin chicken tri-tip."], ["created_at", Fri, 14 Mar 2014 19:32:23 UTC +00:00], ["updated_at", Fri, 14 Mar 2014 19:32:23 UTC +00:00]]
  [1m[35m (0.2ms)[0m  COMMIT
  [1m[36mUser Load (0.3ms)[0m  [1mSELECT "users".* FROM "users" WHERE "users"."id" = 1 ORDER BY "users"."id" ASC LIMIT 1[0m
  [1m[35m (0.1ms)[0m  BEGIN
  [1m[36mSQL (0.5ms)[0m  [1mUPDATE "posts" SET "user_id" = $1, "updated_at" = $2 WHERE "posts"."id" = 1[0m  [["user_id", 1], ["updated_at", Fri, 14 Mar 2014 19:32:23 UTC +00:00]]
  [1m[35m (0.4ms)[0m  COMMIT
Redirected to http://localhost:3000/posts
Completed 302 Found in 18ms (ActiveRecord: 2.3ms)


Started GET "/posts" for 127.0.0.1 at 2014-03-14 14:32:23 -0500
Processing by PostsController#index as HTML
  [1m[36m (0.2ms)[0m  [1mSELECT COUNT(*) FROM "posts"[0m
  [1m[35mPost Load (0.2ms)[0m  SELECT "posts".* FROM "posts"
  [1m[36mUser Load (0.5ms)[0m  [1mSELECT "users".* FROM "users" WHERE "users"."id" = $1 ORDER BY "users"."id" ASC LIMIT 1[0m  [["id", 1]]
  Rendered posts/index.html.erb within layouts/application (49.5ms)
  [1m[35mUser Load (0.3ms)[0m  SELECT "users".* FROM "users" WHERE "users"."id" = 1 ORDER BY "users"."id" ASC LIMIT 1
  Rendered partials/_social.html.erb (0.0ms)
Completed 200 OK in 54ms (Views: 52.7ms | ActiveRecord: 1.2ms)


Started GET "/assets/application.js?body=1" for 127.0.0.1 at 2014-03-14 14:32:23 -0500


Started GET "/assets/jquery.js?body=1" for 127.0.0.1 at 2014-03-14 14:32:23 -0500


Started GET "/assets/application.css?body=1" for 127.0.0.1 at 2014-03-14 14:32:23 -0500


Started GET "/assets/jquery_ujs.js?body=1" for 127.0.0.1 at 2014-03-14 14:32:23 -0500


Started GET "/assets/turbolinks.js?body=1" for 127.0.0.1 at 2014-03-14 14:32:23 -0500


Started GET "/groups" for 127.0.0.1 at 2014-03-14 14:32:25 -0500
Processing by GroupsController#index as HTML
  [1m[36m (0.2ms)[0m  [1mSELECT COUNT(*) FROM "groups"[0m
  Rendered groups/index.html.erb within layouts/application (3.5ms)
  [1m[35mUser Load (0.3ms)[0m  SELECT "users".* FROM "users" WHERE "users"."id" = 1 ORDER BY "users"."id" ASC LIMIT 1
  Rendered partials/_social.html.erb (0.0ms)
Completed 200 OK in 12ms (Views: 6.9ms | ActiveRecord: 2.0ms)


Started GET "/groups/new" for 127.0.0.1 at 2014-03-14 14:32:26 -0500
Processing by GroupsController#new as HTML
  Rendered groups/new.html.erb within layouts/application (5.6ms)
  [1m[36mUser Load (0.4ms)[0m  [1mSELECT "users".* FROM "users" WHERE "users"."id" = 1 ORDER BY "users"."id" ASC LIMIT 1[0m
  Rendered partials/_social.html.erb (0.0ms)
Completed 200 OK in 12ms (Views: 10.9ms | ActiveRecord: 0.4ms)


Started POST "/groups" for 127.0.0.1 at 2014-03-14 14:32:37 -0500
Processing by GroupsController#create as HTML
  Parameters: {"utf8"=>"✓", "authenticity_token"=>"b4Oo50h0V448jEWVFoJvhxLoBhpNPi1uMvUcy9zESyo=", "group"=>{"name"=>"Secret Group", "description"=>"Shh its a secret, yo"}, "commit"=>"Create Group"}
  [1m[35m (0.2ms)[0m  BEGIN
  [1m[36mSQL (0.7ms)[0m  [1mINSERT INTO "groups" ("created_at", "description", "name", "updated_at") VALUES ($1, $2, $3, $4) RETURNING "id"[0m  [["created_at", Fri, 14 Mar 2014 19:32:37 UTC +00:00], ["description", "Shh its a secret, yo"], ["name", "Secret Group"], ["updated_at", Fri, 14 Mar 2014 19:32:37 UTC +00:00]]
  [1m[35m (0.3ms)[0m  COMMIT
Redirected to http://localhost:3000/groups
Completed 302 Found in 4ms (ActiveRecord: 1.2ms)


Started GET "/groups" for 127.0.0.1 at 2014-03-14 14:32:37 -0500
Processing by GroupsController#index as HTML
  [1m[36m (0.4ms)[0m  [1mSELECT COUNT(*) FROM "groups"[0m
  [1m[35mGroup Load (0.2ms)[0m  SELECT "groups".* FROM "groups"
  Rendered groups/index.html.erb within layouts/application (3.4ms)
  [1m[36mUser Load (0.3ms)[0m  [1mSELECT "users".* FROM "users" WHERE "users"."id" = 1 ORDER BY "users"."id" ASC LIMIT 1[0m
  Rendered partials/_social.html.erb (0.0ms)
Completed 200 OK in 9ms (Views: 7.7ms | ActiveRecord: 1.0ms)


Started GET "/assets/application.css?body=1" for 127.0.0.1 at 2014-03-14 14:32:37 -0500


Started GET "/assets/jquery.js?body=1" for 127.0.0.1 at 2014-03-14 14:32:37 -0500


Started GET "/assets/jquery_ujs.js?body=1" for 127.0.0.1 at 2014-03-14 14:32:37 -0500


Started GET "/assets/turbolinks.js?body=1" for 127.0.0.1 at 2014-03-14 14:32:37 -0500


Started GET "/assets/application.js?body=1" for 127.0.0.1 at 2014-03-14 14:32:37 -0500


Started GET "/groups/1" for 127.0.0.1 at 2014-03-14 14:32:40 -0500
Processing by GroupsController#show as HTML
  Parameters: {"id"=>"1"}
  [1m[35mGroup Load (0.4ms)[0m  SELECT "groups".* FROM "groups" WHERE "groups"."id" = 1 ORDER BY "groups"."id" ASC LIMIT 1
  [1m[36mUser Load (0.7ms)[0m  [1mSELECT "users".* FROM "users" INNER JOIN "groups_users" ON "users"."id" = "groups_users"."user_id" WHERE "groups_users"."group_id" = $1[0m  [["group_id", 1]]
  Rendered groups/show.html.erb within layouts/application (10.3ms)
  [1m[35mUser Load (0.2ms)[0m  SELECT "users".* FROM "users" WHERE "users"."id" = 1 ORDER BY "users"."id" ASC LIMIT 1
  Rendered partials/_social.html.erb (0.0ms)
Completed 200 OK in 17ms (Views: 13.9ms | ActiveRecord: 1.8ms)


Started GET "/groups/new.1" for 127.0.0.1 at 2014-03-14 14:32:41 -0500
Processing by GroupsController#new as 
  Rendered groups/new.html.erb within layouts/application (2.1ms)
  [1m[36mUser Load (0.4ms)[0m  [1mSELECT "users".* FROM "users" WHERE "users"."id" = 1 ORDER BY "users"."id" ASC LIMIT 1[0m
  Rendered partials/_social.html.erb (0.3ms)
Completed 200 OK in 12ms (Views: 11.5ms | ActiveRecord: 0.4ms)


Started GET "/groups/1/edit" for 127.0.0.1 at 2014-03-14 14:33:14 -0500
Processing by GroupsController#edit as HTML
  Parameters: {"id"=>"1"}
  [1m[35mGroup Load (0.4ms)[0m  SELECT "groups".* FROM "groups" WHERE "groups"."id" = 1 ORDER BY "groups"."id" ASC LIMIT 1
  Rendered groups/edit.html.erb within layouts/application (3.1ms)
  [1m[36mUser Load (0.3ms)[0m  [1mSELECT "users".* FROM "users" WHERE "users"."id" = 1 ORDER BY "users"."id" ASC LIMIT 1[0m
  Rendered partials/_social.html.erb (0.0ms)
Completed 200 OK in 13ms (Views: 9.9ms | ActiveRecord: 0.7ms)


Started PATCH "/groups/1" for 127.0.0.1 at 2014-03-14 14:33:19 -0500
Processing by GroupsController#update as HTML
  Parameters: {"utf8"=>"✓", "authenticity_token"=>"b4Oo50h0V448jEWVFoJvhxLoBhpNPi1uMvUcy9zESyo=", "group"=>{"name"=>"Secret Group I think", "description"=>"Shh its a secret, yo"}, "commit"=>"Update Group", "id"=>"1"}
  [1m[35mGroup Load (0.4ms)[0m  SELECT "groups".* FROM "groups" WHERE "groups"."id" = 1 ORDER BY "groups"."id" ASC LIMIT 1
  [1m[36m (0.1ms)[0m  [1mBEGIN[0m
  [1m[35mSQL (0.5ms)[0m  UPDATE "groups" SET "name" = $1, "updated_at" = $2 WHERE "groups"."id" = 1  [["name", "Secret Group I think"], ["updated_at", Fri, 14 Mar 2014 19:33:19 UTC +00:00]]
  [1m[36m (0.8ms)[0m  [1mCOMMIT[0m
Redirected to http://localhost:3000/groups/1
Completed 302 Found in 5ms (ActiveRecord: 1.8ms)


Started GET "/groups/1" for 127.0.0.1 at 2014-03-14 14:33:19 -0500
Processing by GroupsController#show as HTML
  Parameters: {"id"=>"1"}
  [1m[35mGroup Load (0.3ms)[0m  SELECT "groups".* FROM "groups" WHERE "groups"."id" = 1 ORDER BY "groups"."id" ASC LIMIT 1
  [1m[36mUser Load (0.3ms)[0m  [1mSELECT "users".* FROM "users" INNER JOIN "groups_users" ON "users"."id" = "groups_users"."user_id" WHERE "groups_users"."group_id" = $1[0m  [["group_id", 1]]
  Rendered groups/show.html.erb within layouts/application (2.3ms)
  [1m[35mUser Load (0.3ms)[0m  SELECT "users".* FROM "users" WHERE "users"."id" = 1 ORDER BY "users"."id" ASC LIMIT 1
  Rendered partials/_social.html.erb (0.0ms)
Completed 200 OK in 9ms (Views: 6.3ms | ActiveRecord: 0.9ms)


Started GET "/assets/application.css?body=1" for 127.0.0.1 at 2014-03-14 14:33:19 -0500


Started GET "/assets/jquery.js?body=1" for 127.0.0.1 at 2014-03-14 14:33:19 -0500


Started GET "/assets/turbolinks.js?body=1" for 127.0.0.1 at 2014-03-14 14:33:19 -0500


Started GET "/assets/application.js?body=1" for 127.0.0.1 at 2014-03-14 14:33:19 -0500


Started GET "/assets/jquery_ujs.js?body=1" for 127.0.0.1 at 2014-03-14 14:33:19 -0500


Started GET "/groups" for 127.0.0.1 at 2014-03-14 14:33:23 -0500
Processing by GroupsController#index as HTML
  [1m[36m (0.3ms)[0m  [1mSELECT COUNT(*) FROM "groups"[0m
  [1m[35mGroup Load (0.2ms)[0m  SELECT "groups".* FROM "groups"
  Rendered groups/index.html.erb within layouts/application (1.6ms)
  [1m[36mUser Load (0.4ms)[0m  [1mSELECT "users".* FROM "users" WHERE "users"."id" = 1 ORDER BY "users"."id" ASC LIMIT 1[0m
  Rendered partials/_social.html.erb (0.0ms)
Completed 200 OK in 7ms (Views: 5.5ms | ActiveRecord: 0.8ms)


Started GET "/users/1" for 127.0.0.1 at 2014-03-14 14:33:29 -0500
Processing by UsersController#show as HTML
  Parameters: {"id"=>"1"}
  [1m[35mUser Load (0.4ms)[0m  SELECT "users".* FROM "users" WHERE "users"."id" = 1 ORDER BY "users"."id" ASC LIMIT 1
  Rendered users/show.html.erb within layouts/application (1.8ms)
  Rendered partials/_social.html.erb (0.0ms)
Completed 200 OK in 6ms (Views: 5.1ms | ActiveRecord: 0.4ms)


Started GET "/users/edit" for 127.0.0.1 at 2014-03-14 14:33:32 -0500
Processing by Devise::RegistrationsController#edit as HTML
  [1m[36mUser Load (0.4ms)[0m  [1mSELECT "users".* FROM "users" WHERE "users"."id" = 1 ORDER BY "users"."id" ASC LIMIT 1[0m
  Rendered devise/registrations/edit.html.erb within layouts/application (2.9ms)
  Rendered partials/_social.html.erb (0.0ms)
Completed 200 OK in 9ms (Views: 7.3ms | ActiveRecord: 0.4ms)


Started PUT "/users" for 127.0.0.1 at 2014-03-14 14:34:36 -0500
Processing by Devise::RegistrationsController#update as HTML
  Parameters: {"utf8"=>"✓", "authenticity_token"=>"b4Oo50h0V448jEWVFoJvhxLoBhpNPi1uMvUcy9zESyo=", "user"=>{"first_name"=>"Chris", "last_name"=>"raterp", "email"=>"s@u.com", "password"=>"[FILTERED]", "password_confirmation"=>"[FILTERED]", "current_password"=>"[FILTERED]"}, "commit"=>"Update"}
  [1m[35mUser Load (0.4ms)[0m  SELECT "users".* FROM "users" WHERE "users"."id" = 1 ORDER BY "users"."id" ASC LIMIT 1
  [1m[36mUser Load (0.3ms)[0m  [1mSELECT "users".* FROM "users" WHERE "users"."id" = $1 LIMIT 1[0m  [["id", 1]]
  [1m[35m (0.2ms)[0m  BEGIN
  [1m[36mSQL (0.4ms)[0m  [1mUPDATE "users" SET "first_name" = $1, "last_name" = $2, "updated_at" = $3 WHERE "users"."id" = 1[0m  [["first_name", "Chris"], ["last_name", "raterp"], ["updated_at", Fri, 14 Mar 2014 19:34:36 UTC +00:00]]
  [1m[35m (0.3ms)[0m  COMMIT
Redirected to http://localhost:3000/
Completed 302 Found in 76ms (ActiveRecord: 1.5ms)


Started GET "/" for 127.0.0.1 at 2014-03-14 14:34:36 -0500
Processing by HomeController#index as HTML
  [1m[36mUser Load (0.3ms)[0m  [1mSELECT "users".* FROM "users" WHERE "users"."id" = 1 ORDER BY "users"."id" ASC LIMIT 1[0m
  Rendered home/index.html.erb within layouts/application (1.2ms)
  Rendered partials/_social.html.erb (0.0ms)
Completed 200 OK in 5ms (Views: 3.9ms | ActiveRecord: 0.3ms)


Started GET "/assets/application.css?body=1" for 127.0.0.1 at 2014-03-14 14:34:36 -0500


Started GET "/assets/jquery.js?body=1" for 127.0.0.1 at 2014-03-14 14:34:36 -0500


Started GET "/assets/jquery_ujs.js?body=1" for 127.0.0.1 at 2014-03-14 14:34:36 -0500


Started GET "/assets/turbolinks.js?body=1" for 127.0.0.1 at 2014-03-14 14:34:36 -0500


Started GET "/assets/application.js?body=1" for 127.0.0.1 at 2014-03-14 14:34:36 -0500


Started GET "/posts" for 127.0.0.1 at 2014-03-14 14:37:25 -0500
Processing by PostsController#index as HTML
  [1m[35m (0.3ms)[0m  SELECT COUNT(*) FROM "posts"
  [1m[36mPost Load (0.2ms)[0m  [1mSELECT "posts".* FROM "posts"[0m
  [1m[35mUser Load (0.3ms)[0m  SELECT "users".* FROM "users" WHERE "users"."id" = $1 ORDER BY "users"."id" ASC LIMIT 1  [["id", 1]]
  Rendered posts/index.html.erb within layouts/application (2.7ms)
  [1m[36mUser Load (0.5ms)[0m  [1mSELECT "users".* FROM "users" WHERE "users"."id" = 1 ORDER BY "users"."id" ASC LIMIT 1[0m
  Rendered partials/_social.html.erb (0.0ms)
Completed 200 OK in 9ms (Views: 6.9ms | ActiveRecord: 1.2ms)


Started GET "/posts" for 127.0.0.1 at 2014-03-14 14:37:39 -0500
Processing by PostsController#index as HTML
  [1m[35m (0.3ms)[0m  SELECT COUNT(*) FROM "posts"
  [1m[36mPost Load (0.2ms)[0m  [1mSELECT "posts".* FROM "posts"[0m
  [1m[35mUser Load (0.3ms)[0m  SELECT "users".* FROM "users" WHERE "users"."id" = $1 ORDER BY "users"."id" ASC LIMIT 1  [["id", 1]]
  Rendered posts/index.html.erb within layouts/application (2.2ms)
  [1m[36mUser Load (0.3ms)[0m  [1mSELECT "users".* FROM "users" WHERE "users"."id" = 1 ORDER BY "users"."id" ASC LIMIT 1[0m
  Rendered partials/_social.html.erb (0.0ms)
Completed 200 OK in 7ms (Views: 5.6ms | ActiveRecord: 1.0ms)


Started GET "/posts" for 127.0.0.1 at 2014-03-14 14:38:09 -0500
Processing by PostsController#index as HTML
  [1m[35m (0.4ms)[0m  SELECT COUNT(*) FROM "posts"
  [1m[36mPost Load (0.2ms)[0m  [1mSELECT "posts".* FROM "posts"[0m
  [1m[35mUser Load (0.3ms)[0m  SELECT "users".* FROM "users" WHERE "users"."id" = $1 ORDER BY "users"."id" ASC LIMIT 1  [["id", 1]]
  Rendered posts/index.html.erb within layouts/application (2.9ms)
  [1m[36mUser Load (0.2ms)[0m  [1mSELECT "users".* FROM "users" WHERE "users"."id" = 1 ORDER BY "users"."id" ASC LIMIT 1[0m
  Rendered partials/_social.html.erb (0.0ms)
Completed 200 OK in 8ms (Views: 6.2ms | ActiveRecord: 1.1ms)


Started DELETE "/users/sign_out" for 127.0.0.1 at 2014-03-14 14:38:43 -0500
Processing by Devise::SessionsController#destroy as HTML
  Parameters: {"authenticity_token"=>"b4Oo50h0V448jEWVFoJvhxLoBhpNPi1uMvUcy9zESyo="}
  [1m[35mUser Load (0.4ms)[0m  SELECT "users".* FROM "users" WHERE "users"."id" = 1 ORDER BY "users"."id" ASC LIMIT 1
  [1m[36m (0.1ms)[0m  [1mBEGIN[0m
  [1m[35m (0.2ms)[0m  COMMIT
Redirected to http://localhost:3000/
Completed 302 Found in 8ms (ActiveRecord: 0.6ms)


Started GET "/" for 127.0.0.1 at 2014-03-14 14:38:43 -0500
Processing by HomeController#index as HTML
  Rendered home/index.html.erb within layouts/application (6.7ms)
  Rendered partials/_social.html.erb (0.0ms)
Completed 200 OK in 11ms (Views: 10.2ms | ActiveRecord: 0.0ms)


Started GET "/assets/application.css?body=1" for 127.0.0.1 at 2014-03-14 14:38:43 -0500


Started GET "/assets/turbolinks.js?body=1" for 127.0.0.1 at 2014-03-14 14:38:43 -0500


Started GET "/assets/application.js?body=1" for 127.0.0.1 at 2014-03-14 14:38:43 -0500


Started GET "/assets/jquery.js?body=1" for 127.0.0.1 at 2014-03-14 14:38:43 -0500


Started GET "/assets/jquery_ujs.js?body=1" for 127.0.0.1 at 2014-03-14 14:38:43 -0500


Started GET "/users/sign_up" for 127.0.0.1 at 2014-03-14 14:38:48 -0500
Processing by Devise::RegistrationsController#new as HTML
  Rendered devise/shared/_links.erb (1.1ms)
  Rendered devise/registrations/new.html.erb within layouts/application (5.7ms)
  Rendered partials/_social.html.erb (0.0ms)
Completed 200 OK in 11ms (Views: 10.0ms | ActiveRecord: 0.0ms)


Started POST "/users" for 127.0.0.1 at 2014-03-14 14:38:56 -0500
Processing by Devise::RegistrationsController#create as HTML
  Parameters: {"utf8"=>"✓", "authenticity_token"=>"FuyBA2sxX0/34vUl+BgzSTV/l6WoMX3SvoWR7uQ3vrs=", "user"=>{"first_name"=>"billy", "last_name"=>"badass", "email"=>"b@b.com", "password"=>"[FILTERED]", "password_confirmation"=>"[FILTERED]"}, "commit"=>"Sign up"}
  [1m[36m (0.1ms)[0m  [1mBEGIN[0m
  [1m[35mUser Exists (0.5ms)[0m  SELECT 1 AS one FROM "users" WHERE "users"."email" = 'b@b.com' LIMIT 1
  [1m[36mSQL (0.6ms)[0m  [1mINSERT INTO "users" ("created_at", "email", "encrypted_password", "first_name", "last_name", "updated_at") VALUES ($1, $2, $3, $4, $5, $6) RETURNING "id"[0m  [["created_at", Fri, 14 Mar 2014 19:38:56 UTC +00:00], ["email", "b@b.com"], ["encrypted_password", "$2a$10$1L7zUCTRuU8pCDTTB2XF6.dvhIjrHvgH7shBOaYgCPB.havnxZjM."], ["first_name", "billy"], ["last_name", "badass"], ["updated_at", Fri, 14 Mar 2014 19:38:56 UTC +00:00]]
  [1m[35m (0.4ms)[0m  COMMIT
  [1m[36m (0.1ms)[0m  [1mBEGIN[0m
  [1m[35mSQL (0.4ms)[0m  UPDATE "users" SET "last_sign_in_at" = $1, "current_sign_in_at" = $2, "last_sign_in_ip" = $3, "current_sign_in_ip" = $4, "sign_in_count" = $5, "updated_at" = $6 WHERE "users"."id" = 2  [["last_sign_in_at", Fri, 14 Mar 2014 19:38:56 UTC +00:00], ["current_sign_in_at", Fri, 14 Mar 2014 19:38:56 UTC +00:00], ["last_sign_in_ip", "127.0.0.1"], ["current_sign_in_ip", "127.0.0.1"], ["sign_in_count", 1], ["updated_at", Fri, 14 Mar 2014 19:38:56 UTC +00:00]]
  [1m[36m (0.3ms)[0m  [1mCOMMIT[0m
Redirected to http://localhost:3000/
Completed 302 Found in 80ms (ActiveRecord: 2.3ms)


Started GET "/" for 127.0.0.1 at 2014-03-14 14:38:56 -0500
Processing by HomeController#index as HTML
  [1m[35mUser Load (0.4ms)[0m  SELECT "users".* FROM "users" WHERE "users"."id" = 2 ORDER BY "users"."id" ASC LIMIT 1
  Rendered home/index.html.erb within layouts/application (1.6ms)
  Rendered partials/_social.html.erb (0.0ms)
Completed 200 OK in 6ms (Views: 4.6ms | ActiveRecord: 0.4ms)


Started GET "/assets/application.css?body=1" for 127.0.0.1 at 2014-03-14 14:38:56 -0500


Started GET "/assets/jquery.js?body=1" for 127.0.0.1 at 2014-03-14 14:38:56 -0500


Started GET "/assets/turbolinks.js?body=1" for 127.0.0.1 at 2014-03-14 14:38:56 -0500


Started GET "/assets/jquery_ujs.js?body=1" for 127.0.0.1 at 2014-03-14 14:38:56 -0500


Started GET "/assets/application.js?body=1" for 127.0.0.1 at 2014-03-14 14:38:56 -0500


Started GET "/posts" for 127.0.0.1 at 2014-03-14 14:39:48 -0500
Processing by PostsController#index as HTML
  [1m[36m (0.3ms)[0m  [1mSELECT COUNT(*) FROM "posts"[0m
  [1m[35mPost Load (0.2ms)[0m  SELECT "posts".* FROM "posts"
  [1m[36mUser Load (0.3ms)[0m  [1mSELECT "users".* FROM "users" WHERE "users"."id" = $1 ORDER BY "users"."id" ASC LIMIT 1[0m  [["id", 1]]
  Rendered posts/index.html.erb within layouts/application (3.0ms)
  [1m[35mUser Load (0.3ms)[0m  SELECT "users".* FROM "users" WHERE "users"."id" = 2 ORDER BY "users"."id" ASC LIMIT 1
  Rendered partials/_social.html.erb (0.0ms)
Completed 200 OK in 9ms (Views: 7.4ms | ActiveRecord: 1.1ms)


Started GET "/groups" for 127.0.0.1 at 2014-03-14 14:39:56 -0500
Processing by GroupsController#index as HTML
  [1m[36m (0.3ms)[0m  [1mSELECT COUNT(*) FROM "groups"[0m
  [1m[35mGroup Load (0.2ms)[0m  SELECT "groups".* FROM "groups"
  Rendered groups/index.html.erb within layouts/application (1.6ms)
  [1m[36mUser Load (0.3ms)[0m  [1mSELECT "users".* FROM "users" WHERE "users"."id" = 2 ORDER BY "users"."id" ASC LIMIT 1[0m
  Rendered partials/_social.html.erb (0.0ms)
Completed 200 OK in 7ms (Views: 5.6ms | ActiveRecord: 0.8ms)


Started GET "/groups/1" for 127.0.0.1 at 2014-03-14 14:40:02 -0500
Processing by GroupsController#show as HTML
  Parameters: {"id"=>"1"}
  [1m[35mGroup Load (0.4ms)[0m  SELECT "groups".* FROM "groups" WHERE "groups"."id" = 1 ORDER BY "groups"."id" ASC LIMIT 1
  [1m[36mUser Load (0.4ms)[0m  [1mSELECT "users".* FROM "users" INNER JOIN "groups_users" ON "users"."id" = "groups_users"."user_id" WHERE "groups_users"."group_id" = $1[0m  [["group_id", 1]]
  Rendered groups/show.html.erb within layouts/application (1.9ms)
  [1m[35mUser Load (0.3ms)[0m  SELECT "users".* FROM "users" WHERE "users"."id" = 2 ORDER BY "users"."id" ASC LIMIT 1
  Rendered partials/_social.html.erb (0.0ms)
Completed 200 OK in 8ms (Views: 5.9ms | ActiveRecord: 1.0ms)


Started GET "/groups" for 127.0.0.1 at 2014-03-14 14:42:38 -0500
Processing by GroupsController#index as HTML
  [1m[36m (0.3ms)[0m  [1mSELECT COUNT(*) FROM "groups"[0m
  [1m[35mGroup Load (0.2ms)[0m  SELECT "groups".* FROM "groups"
  Rendered groups/index.html.erb within layouts/application (1.4ms)
  [1m[36mUser Load (0.3ms)[0m  [1mSELECT "users".* FROM "users" WHERE "users"."id" = 2 ORDER BY "users"."id" ASC LIMIT 1[0m
  Rendered partials/_social.html.erb (0.0ms)
Completed 200 OK in 6ms (Views: 4.9ms | ActiveRecord: 0.8ms)


Started DELETE "/users/sign_out" for 127.0.0.1 at 2014-03-14 14:42:43 -0500
Processing by Devise::SessionsController#destroy as HTML
  Parameters: {"authenticity_token"=>"FuyBA2sxX0/34vUl+BgzSTV/l6WoMX3SvoWR7uQ3vrs="}
  [1m[35mUser Load (0.3ms)[0m  SELECT "users".* FROM "users" WHERE "users"."id" = 2 ORDER BY "users"."id" ASC LIMIT 1
  [1m[36m (0.1ms)[0m  [1mBEGIN[0m
  [1m[35m (0.1ms)[0m  COMMIT
Redirected to http://localhost:3000/
Completed 302 Found in 5ms (ActiveRecord: 0.6ms)


Started GET "/" for 127.0.0.1 at 2014-03-14 14:42:43 -0500
Processing by HomeController#index as HTML
  Rendered home/index.html.erb within layouts/application (0.5ms)
  Rendered partials/_social.html.erb (0.0ms)
Completed 200 OK in 4ms (Views: 3.5ms | ActiveRecord: 0.0ms)


Started GET "/assets/application.css?body=1" for 127.0.0.1 at 2014-03-14 14:42:43 -0500


Started GET "/assets/jquery_ujs.js?body=1" for 127.0.0.1 at 2014-03-14 14:42:43 -0500


Started GET "/assets/jquery.js?body=1" for 127.0.0.1 at 2014-03-14 14:42:43 -0500


Started GET "/assets/turbolinks.js?body=1" for 127.0.0.1 at 2014-03-14 14:42:43 -0500


Started GET "/assets/application.js?body=1" for 127.0.0.1 at 2014-03-14 14:42:43 -0500


Started GET "/" for 127.0.0.1 at 2014-03-14 14:42:45 -0500
Processing by HomeController#index as HTML
  Rendered home/index.html.erb within layouts/application (1.1ms)
  Rendered partials/_social.html.erb (0.0ms)
Completed 200 OK in 5ms (Views: 4.7ms | ActiveRecord: 0.0ms)


Started GET "/" for 127.0.0.1 at 2014-03-14 14:44:36 -0500
Processing by HomeController#index as HTML
  Rendered home/index.html.erb within layouts/application (0.5ms)
  Rendered partials/_social.html.erb (0.0ms)
Completed 200 OK in 6ms (Views: 5.4ms | ActiveRecord: 0.0ms)


Started GET "/assets/application.css?body=1" for 127.0.0.1 at 2014-03-14 14:44:36 -0500


Started GET "/assets/jquery_ujs.js?body=1" for 127.0.0.1 at 2014-03-14 14:44:36 -0500


Started GET "/assets/application.js?body=1" for 127.0.0.1 at 2014-03-14 14:44:36 -0500


Started GET "/assets/turbolinks.js?body=1" for 127.0.0.1 at 2014-03-14 14:44:36 -0500


Started GET "/assets/jquery.js?body=1" for 127.0.0.1 at 2014-03-14 14:44:36 -0500


Started GET "/users/sign_up" for 127.0.0.1 at 2014-03-14 14:44:41 -0500
Processing by Devise::RegistrationsController#new as HTML
  Rendered devise/shared/_links.erb (0.2ms)
  Rendered devise/registrations/new.html.erb within layouts/application (4.0ms)
  Rendered partials/_social.html.erb (0.0ms)
Completed 200 OK in 10ms (Views: 8.6ms | ActiveRecord: 0.0ms)


Started GET "/users/sign_in" for 127.0.0.1 at 2014-03-14 14:44:43 -0500
Processing by Devise::SessionsController#new as HTML
  Rendered devise/shared/_links.erb (0.6ms)
  Rendered devise/sessions/new.html.erb within layouts/application (4.9ms)
  Rendered partials/_social.html.erb (0.0ms)
Completed 200 OK in 11ms (Views: 10.0ms | ActiveRecord: 0.0ms)


Started POST "/users/sign_in" for 127.0.0.1 at 2014-03-14 14:44:49 -0500
Processing by Devise::SessionsController#create as HTML
  Parameters: {"utf8"=>"✓", "authenticity_token"=>"obGiguThLhXlKOG+29ZEqGmg38mOVlh25O70MjEQalA=", "user"=>{"email"=>"c@p.com", "password"=>"[FILTERED]", "remember_me"=>"0"}, "commit"=>"Sign in"}
  [1m[36mUser Load (0.4ms)[0m  [1mSELECT "users".* FROM "users" WHERE "users"."email" = 'c@p.com' ORDER BY "users"."id" ASC LIMIT 1[0m
Completed 401 Unauthorized in 2ms
Processing by Devise::SessionsController#new as HTML
  Parameters: {"utf8"=>"✓", "authenticity_token"=>"obGiguThLhXlKOG+29ZEqGmg38mOVlh25O70MjEQalA=", "user"=>{"email"=>"c@p.com", "password"=>"[FILTERED]", "remember_me"=>"0"}, "commit"=>"Sign in"}
  Rendered devise/shared/_links.erb (0.3ms)
  Rendered devise/sessions/new.html.erb within layouts/application (2.3ms)
  Rendered partials/_social.html.erb (0.0ms)
Completed 200 OK in 76ms (Views: 6.0ms | ActiveRecord: 0.0ms)


Started GET "/assets/application.css?body=1" for 127.0.0.1 at 2014-03-14 14:44:49 -0500


Started GET "/assets/jquery_ujs.js?body=1" for 127.0.0.1 at 2014-03-14 14:44:49 -0500


Started GET "/assets/application.js?body=1" for 127.0.0.1 at 2014-03-14 14:44:49 -0500


Started GET "/assets/turbolinks.js?body=1" for 127.0.0.1 at 2014-03-14 14:44:49 -0500


Started GET "/assets/jquery.js?body=1" for 127.0.0.1 at 2014-03-14 14:44:49 -0500


Started POST "/users/sign_in" for 127.0.0.1 at 2014-03-14 14:44:52 -0500
Processing by Devise::SessionsController#create as HTML
  Parameters: {"utf8"=>"✓", "authenticity_token"=>"obGiguThLhXlKOG+29ZEqGmg38mOVlh25O70MjEQalA=", "user"=>{"email"=>"c@p.com", "password"=>"[FILTERED]", "remember_me"=>"0"}, "commit"=>"Sign in"}
  [1m[35mUser Load (0.4ms)[0m  SELECT "users".* FROM "users" WHERE "users"."email" = 'c@p.com' ORDER BY "users"."id" ASC LIMIT 1
Completed 401 Unauthorized in 46ms
Processing by Devise::SessionsController#new as HTML
  Parameters: {"utf8"=>"✓", "authenticity_token"=>"obGiguThLhXlKOG+29ZEqGmg38mOVlh25O70MjEQalA=", "user"=>{"email"=>"c@p.com", "password"=>"[FILTERED]", "remember_me"=>"0"}, "commit"=>"Sign in"}
  Rendered devise/shared/_links.erb (0.5ms)
  Rendered devise/sessions/new.html.erb within layouts/application (3.4ms)
  Rendered partials/_social.html.erb (0.1ms)
Completed 200 OK in 76ms (Views: 9.4ms | ActiveRecord: 0.0ms)


Started GET "/assets/application.css?body=1" for 127.0.0.1 at 2014-03-14 14:44:52 -0500


Started GET "/assets/turbolinks.js?body=1" for 127.0.0.1 at 2014-03-14 14:44:52 -0500


Started GET "/assets/application.js?body=1" for 127.0.0.1 at 2014-03-14 14:44:52 -0500


Started GET "/assets/jquery.js?body=1" for 127.0.0.1 at 2014-03-14 14:44:52 -0500


Started GET "/assets/jquery_ujs.js?body=1" for 127.0.0.1 at 2014-03-14 14:44:52 -0500


Started GET "/users/sign_up" for 127.0.0.1 at 2014-03-14 14:44:53 -0500
Processing by Devise::RegistrationsController#new as HTML
  Rendered devise/shared/_links.erb (0.2ms)
  Rendered devise/registrations/new.html.erb within layouts/application (2.6ms)
  Rendered partials/_social.html.erb (0.0ms)
Completed 200 OK in 7ms (Views: 6.5ms | ActiveRecord: 0.0ms)


Started GET "/assets/application.css?body=1" for 127.0.0.1 at 2014-03-14 14:44:53 -0500


Started GET "/assets/jquery.js?body=1" for 127.0.0.1 at 2014-03-14 14:44:53 -0500


Started GET "/assets/application.js?body=1" for 127.0.0.1 at 2014-03-14 14:44:53 -0500


Started GET "/assets/turbolinks.js?body=1" for 127.0.0.1 at 2014-03-14 14:44:53 -0500


Started GET "/assets/jquery_ujs.js?body=1" for 127.0.0.1 at 2014-03-14 14:44:53 -0500


Started GET "/users/sign_up" for 127.0.0.1 at 2014-03-14 14:45:23 -0500
Processing by Devise::RegistrationsController#new as HTML
  Rendered devise/shared/_links.erb (0.1ms)
  Rendered devise/registrations/new.html.erb within layouts/application (2.3ms)
  Rendered partials/_social.html.erb (0.0ms)
Completed 200 OK in 10ms (Views: 8.7ms | ActiveRecord: 0.0ms)


Started GET "/assets/application.css?body=1" for 127.0.0.1 at 2014-03-14 14:45:23 -0500


Started GET "/assets/turbolinks.js?body=1" for 127.0.0.1 at 2014-03-14 14:45:23 -0500


Started GET "/assets/jquery_ujs.js?body=1" for 127.0.0.1 at 2014-03-14 14:45:23 -0500


Started GET "/assets/jquery.js?body=1" for 127.0.0.1 at 2014-03-14 14:45:23 -0500


Started GET "/assets/application.js?body=1" for 127.0.0.1 at 2014-03-14 14:45:23 -0500


Started GET "/" for 127.0.0.1 at 2014-03-14 14:45:27 -0500
Processing by HomeController#index as HTML
  Rendered home/index.html.erb within layouts/application (0.6ms)
  Rendered partials/_social.html.erb (0.0ms)
Completed 200 OK in 5ms (Views: 4.6ms | ActiveRecord: 0.0ms)
