# Logfile created on 2014-03-14 15:01:11 -0500 by logger.rb/41954
I, [2014-03-14T15:01:11.795799 #63859]  INFO -- : 0:  rake (10.1.1) from /Users/jackdubnicek/.rvm/gems/ruby-2.0.0-p353/specifications/rake-10.1.1.gemspec
I, [2014-03-14T15:01:11.796102 #63859]  INFO -- : 0:  i18n (0.6.9) from /Users/jackdubnicek/.rvm/gems/ruby-2.0.0-p353/specifications/i18n-0.6.9.gemspec
I, [2014-03-14T15:01:11.796334 #63859]  INFO -- : 0:  minitest (4.7.5) from /Users/jackdubnicek/.rvm/gems/ruby-2.0.0-p353/specifications/minitest-4.7.5.gemspec
I, [2014-03-14T15:01:11.796569 #63859]  INFO -- : 0:  multi_json (1.9.0) from /Users/jackdubnicek/.rvm/gems/ruby-2.0.0-p353/specifications/multi_json-1.9.0.gemspec
I, [2014-03-14T15:01:11.796786 #63859]  INFO -- : 0:  atomic (1.1.15) from /Users/jackdubnicek/.rvm/gems/ruby-2.0.0-p353/specifications/atomic-1.1.15.gemspec
I, [2014-03-14T15:01:11.796989 #63859]  INFO -- : 0:  thread_safe (0.2.0) from /Users/jackdubnicek/.rvm/gems/ruby-2.0.0-p353/specifications/thread_safe-0.2.0.gemspec
I, [2014-03-14T15:01:11.797192 #63859]  INFO -- : 0:  tzinfo (0.3.39) from /Users/jackdubnicek/.rvm/gems/ruby-2.0.0-p353/specifications/tzinfo-0.3.39.gemspec
I, [2014-03-14T15:01:11.797395 #63859]  INFO -- : 0:  activesupport (4.0.3) from /Users/jackdubnicek/.rvm/gems/ruby-2.0.0-p353/specifications/activesupport-4.0.3.gemspec
I, [2014-03-14T15:01:11.797593 #63859]  INFO -- : 0:  builder (3.1.4) from /Users/jackdubnicek/.rvm/gems/ruby-2.0.0-p353/specifications/builder-3.1.4.gemspec
I, [2014-03-14T15:01:11.797787 #63859]  INFO -- : 0:  erubis (2.7.0) from /Users/jackdubnicek/.rvm/gems/ruby-2.0.0-p353/specifications/erubis-2.7.0.gemspec
I, [2014-03-14T15:01:11.797980 #63859]  INFO -- : 0:  rack (1.5.2) from /Users/jackdubnicek/.rvm/gems/ruby-2.0.0-p353/specifications/rack-1.5.2.gemspec
I, [2014-03-14T15:01:11.798174 #63859]  INFO -- : 0:  rack-test (0.6.2) from /Users/jackdubnicek/.rvm/gems/ruby-2.0.0-p353/specifications/rack-test-0.6.2.gemspec
I, [2014-03-14T15:01:11.798395 #63859]  INFO -- : 0:  actionpack (4.0.3) from /Users/jackdubnicek/.rvm/gems/ruby-2.0.0-p353/specifications/actionpack-4.0.3.gemspec
I, [2014-03-14T15:01:11.798592 #63859]  INFO -- : 0:  mime-types (1.25.1) from /Users/jackdubnicek/.rvm/gems/ruby-2.0.0-p353/specifications/mime-types-1.25.1.gemspec
I, [2014-03-14T15:01:11.798784 #63859]  INFO -- : 0:  polyglot (0.3.4) from /Users/jackdubnicek/.rvm/gems/ruby-2.0.0-p353/specifications/polyglot-0.3.4.gemspec
I, [2014-03-14T15:01:11.798977 #63859]  INFO -- : 0:  treetop (1.4.15) from /Users/jackdubnicek/.rvm/gems/ruby-2.0.0-p353/specifications/treetop-1.4.15.gemspec
I, [2014-03-14T15:01:11.799167 #63859]  INFO -- : 0:  mail (2.5.4) from /Users/jackdubnicek/.rvm/gems/ruby-2.0.0-p353/specifications/mail-2.5.4.gemspec
I, [2014-03-14T15:01:11.799363 #63859]  INFO -- : 0:  actionmailer (4.0.3) from /Users/jackdubnicek/.rvm/gems/ruby-2.0.0-p353/specifications/actionmailer-4.0.3.gemspec
I, [2014-03-14T15:01:11.799567 #63859]  INFO -- : 0:  activemodel (4.0.3) from /Users/jackdubnicek/.rvm/gems/ruby-2.0.0-p353/specifications/activemodel-4.0.3.gemspec
I, [2014-03-14T15:01:11.799761 #63859]  INFO -- : 0:  activerecord-deprecated_finders (1.0.3) from /Users/jackdubnicek/.rvm/gems/ruby-2.0.0-p353/specifications/activerecord-deprecated_finders-1.0.3.gemspec
I, [2014-03-14T15:01:11.799960 #63859]  INFO -- : 0:  arel (4.0.2) from /Users/jackdubnicek/.rvm/gems/ruby-2.0.0-p353/specifications/arel-4.0.2.gemspec
I, [2014-03-14T15:01:11.800161 #63859]  INFO -- : 0:  activerecord (4.0.3) from /Users/jackdubnicek/.rvm/gems/ruby-2.0.0-p353/specifications/activerecord-4.0.3.gemspec
I, [2014-03-14T15:01:11.800358 #63859]  INFO -- : 0:  bcrypt (3.1.7) from /Users/jackdubnicek/.rvm/gems/ruby-2.0.0-p353/specifications/bcrypt-3.1.7.gemspec
I, [2014-03-14T15:01:11.800563 #63859]  INFO -- : 0:  bcrypt-ruby (3.1.5) from /Users/jackdubnicek/.rvm/gems/ruby-2.0.0-p353/specifications/bcrypt-ruby-3.1.5.gemspec
I, [2014-03-14T15:01:11.800762 #63859]  INFO -- : 0:  mini_portile (0.5.2) from /Users/jackdubnicek/.rvm/gems/ruby-2.0.0-p353/specifications/mini_portile-0.5.2.gemspec
I, [2014-03-14T15:01:11.800965 #63859]  INFO -- : 0:  nokogiri (1.6.1) from /Users/jackdubnicek/.rvm/gems/ruby-2.0.0-p353/specifications/nokogiri-1.6.1.gemspec
I, [2014-03-14T15:01:11.801158 #63859]  INFO -- : 0:  xpath (2.0.0) from /Users/jackdubnicek/.rvm/gems/ruby-2.0.0-p353/specifications/xpath-2.0.0.gemspec
I, [2014-03-14T15:01:11.801351 #63859]  INFO -- : 0:  capybara (2.2.1) from /Users/jackdubnicek/.rvm/gems/ruby-2.0.0-p353/specifications/capybara-2.2.1.gemspec
I, [2014-03-14T15:01:11.801547 #63859]  INFO -- : 0:  coderay (1.1.0) from /Users/jackdubnicek/.rvm/gems/ruby-2.0.0-p353/specifications/coderay-1.1.0.gemspec
I, [2014-03-14T15:01:11.801745 #63859]  INFO -- : 0:  coffee-script-source (1.7.0) from /Users/jackdubnicek/.rvm/gems/ruby-2.0.0-p353/specifications/coffee-script-source-1.7.0.gemspec
I, [2014-03-14T15:01:11.801945 #63859]  INFO -- : 0:  execjs (2.0.2) from /Users/jackdubnicek/.rvm/gems/ruby-2.0.0-p353/specifications/execjs-2.0.2.gemspec
I, [2014-03-14T15:01:11.802138 #63859]  INFO -- : 0:  coffee-script (2.2.0) from /Users/jackdubnicek/.rvm/gems/ruby-2.0.0-p353/specifications/coffee-script-2.2.0.gemspec
I, [2014-03-14T15:01:11.802332 #63859]  INFO -- : 0:  thor (0.18.1) from /Users/jackdubnicek/.rvm/gems/ruby-2.0.0-p353/specifications/thor-0.18.1.gemspec
I, [2014-03-14T15:01:11.802529 #63859]  INFO -- : 0:  railties (4.0.3) from /Users/jackdubnicek/.rvm/gems/ruby-2.0.0-p353/specifications/railties-4.0.3.gemspec
I, [2014-03-14T15:01:11.802723 #63859]  INFO -- : 0:  coffee-rails (4.0.1) from /Users/jackdubnicek/.rvm/gems/ruby-2.0.0-p353/specifications/coffee-rails-4.0.1.gemspec
I, [2014-03-14T15:01:11.802918 #63859]  INFO -- : 0:  database_cleaner (1.2.0) from /Users/jackdubnicek/.rvm/gems/ruby-2.0.0-p353/specifications/database_cleaner-1.2.0.gemspec
I, [2014-03-14T15:01:11.803111 #63859]  INFO -- : 0:  orm_adapter (0.5.0) from /Users/jackdubnicek/.rvm/gems/ruby-2.0.0-p353/specifications/orm_adapter-0.5.0.gemspec
I, [2014-03-14T15:01:11.803305 #63859]  INFO -- : 0:  warden (1.2.3) from /Users/jackdubnicek/.rvm/gems/ruby-2.0.0-p353/specifications/warden-1.2.3.gemspec
I, [2014-03-14T15:01:11.803496 #63859]  INFO -- : 0:  devise (3.2.3) from /Users/jackdubnicek/.rvm/gems/ruby-2.0.0-p353/specifications/devise-3.2.3.gemspec
I, [2014-03-14T15:01:11.803698 #63859]  INFO -- : 0:  diff-lcs (1.2.5) from /Users/jackdubnicek/.rvm/gems/ruby-2.0.0-p353/specifications/diff-lcs-1.2.5.gemspec
I, [2014-03-14T15:01:11.803890 #63859]  INFO -- : 0:  hike (1.2.3) from /Users/jackdubnicek/.rvm/gems/ruby-2.0.0-p353/specifications/hike-1.2.3.gemspec
I, [2014-03-14T15:01:11.804137 #63859]  INFO -- : 0:  jbuilder (1.5.3) from /Users/jackdubnicek/.rvm/gems/ruby-2.0.0-p353/specifications/jbuilder-1.5.3.gemspec
I, [2014-03-14T15:01:11.804330 #63859]  INFO -- : 0:  jquery-rails (3.1.0) from /Users/jackdubnicek/.rvm/gems/ruby-2.0.0-p353/specifications/jquery-rails-3.1.0.gemspec
I, [2014-03-14T15:01:11.804529 #63859]  INFO -- : 0:  json (1.8.1) from /Users/jackdubnicek/.rvm/gems/ruby-2.0.0-p353/specifications/json-1.8.1.gemspec
I, [2014-03-14T15:01:11.804722 #63859]  INFO -- : 0:  method_source (0.8.2) from /Users/jackdubnicek/.rvm/gems/ruby-2.0.0-p353/specifications/method_source-0.8.2.gemspec
I, [2014-03-14T15:01:11.804920 #63859]  INFO -- : 0:  pg (0.17.1) from /Users/jackdubnicek/.rvm/gems/ruby-2.0.0-p353/specifications/pg-0.17.1.gemspec
I, [2014-03-14T15:01:11.805113 #63859]  INFO -- : 0:  slop (3.4.7) from /Users/jackdubnicek/.rvm/gems/ruby-2.0.0-p353/specifications/slop-3.4.7.gemspec
I, [2014-03-14T15:01:11.805318 #63859]  INFO -- : 0:  pry (0.9.12.6) from /Users/jackdubnicek/.rvm/gems/ruby-2.0.0-p353/specifications/pry-0.9.12.6.gemspec
I, [2014-03-14T15:01:11.805496 #63859]  INFO -- : 0:  bundler (1.5.1) from /Users/jackdubnicek/.rvm/gems/ruby-2.0.0-p353@global/specifications/bundler-1.5.1.gemspec
I, [2014-03-14T15:01:11.805706 #63859]  INFO -- : 0:  tilt (1.4.1) from /Users/jackdubnicek/.rvm/gems/ruby-2.0.0-p353/specifications/tilt-1.4.1.gemspec
I, [2014-03-14T15:01:11.805910 #63859]  INFO -- : 0:  sprockets (2.11.0) from /Users/jackdubnicek/.rvm/gems/ruby-2.0.0-p353/specifications/sprockets-2.11.0.gemspec
I, [2014-03-14T15:01:11.806121 #63859]  INFO -- : 0:  sprockets-rails (2.0.1) from /Users/jackdubnicek/.rvm/gems/ruby-2.0.0-p353/specifications/sprockets-rails-2.0.1.gemspec
I, [2014-03-14T15:01:11.806326 #63859]  INFO -- : 0:  rails (4.0.3) from /Users/jackdubnicek/.rvm/gems/ruby-2.0.0-p353/specifications/rails-4.0.3.gemspec
I, [2014-03-14T15:01:11.806515 #63859]  INFO -- : 0:  rails_autolink (1.1.5) from /Users/jackdubnicek/.rvm/gems/ruby-2.0.0-p353/specifications/rails_autolink-1.1.5.gemspec
I, [2014-03-14T15:01:11.806721 #63859]  INFO -- : 0:  rdoc (4.1.1) from /Users/jackdubnicek/.rvm/gems/ruby-2.0.0-p353/specifications/rdoc-4.1.1.gemspec
I, [2014-03-14T15:01:11.806922 #63859]  INFO -- : 0:  rinku (1.7.3) from /Users/jackdubnicek/.rvm/gems/ruby-2.0.0-p353/specifications/rinku-1.7.3.gemspec
I, [2014-03-14T15:01:11.807137 #63859]  INFO -- : 0:  rspec-core (2.14.8) from /Users/jackdubnicek/.rvm/gems/ruby-2.0.0-p353/specifications/rspec-core-2.14.8.gemspec
I, [2014-03-14T15:01:11.807352 #63859]  INFO -- : 0:  rspec-expectations (2.14.5) from /Users/jackdubnicek/.rvm/gems/ruby-2.0.0-p353/specifications/rspec-expectations-2.14.5.gemspec
I, [2014-03-14T15:01:11.807571 #63859]  INFO -- : 0:  rspec-mocks (2.14.6) from /Users/jackdubnicek/.rvm/gems/ruby-2.0.0-p353/specifications/rspec-mocks-2.14.6.gemspec
I, [2014-03-14T15:01:11.807760 #63859]  INFO -- : 0:  rspec-rails (2.14.1) from /Users/jackdubnicek/.rvm/gems/ruby-2.0.0-p353/specifications/rspec-rails-2.14.1.gemspec
I, [2014-03-14T15:01:11.807965 #63859]  INFO -- : 0:  sass (3.3.2) from /Users/jackdubnicek/.rvm/gems/ruby-2.0.0-p353/specifications/sass-3.3.2.gemspec
I, [2014-03-14T15:01:11.808167 #63859]  INFO -- : 0:  sass-rails (4.0.1) from /Users/jackdubnicek/.rvm/gems/ruby-2.0.0-p353/specifications/sass-rails-4.0.1.gemspec
I, [2014-03-14T15:01:11.808366 #63859]  INFO -- : 0:  sdoc (0.4.0) from /Users/jackdubnicek/.rvm/gems/ruby-2.0.0-p353/specifications/sdoc-0.4.0.gemspec
I, [2014-03-14T15:01:11.808570 #63859]  INFO -- : 0:  turbolinks (2.2.1) from /Users/jackdubnicek/.rvm/gems/ruby-2.0.0-p353/specifications/turbolinks-2.2.1.gemspec
I, [2014-03-14T15:01:11.808771 #63859]  INFO -- : 0:  uglifier (2.4.0) from /Users/jackdubnicek/.rvm/gems/ruby-2.0.0-p353/specifications/uglifier-2.4.0.gemspec
I, [2014-03-14T15:08:50.965660 #64049]  INFO -- : 0:  rake (10.1.1) from /Users/jackdubnicek/.rvm/gems/ruby-2.0.0-p353/specifications/rake-10.1.1.gemspec
I, [2014-03-14T15:08:50.965998 #64049]  INFO -- : 0:  i18n (0.6.9) from /Users/jackdubnicek/.rvm/gems/ruby-2.0.0-p353/specifications/i18n-0.6.9.gemspec
I, [2014-03-14T15:08:50.966302 #64049]  INFO -- : 0:  minitest (4.7.5) from /Users/jackdubnicek/.rvm/gems/ruby-2.0.0-p353/specifications/minitest-4.7.5.gemspec
I, [2014-03-14T15:08:50.966570 #64049]  INFO -- : 0:  multi_json (1.9.0) from /Users/jackdubnicek/.rvm/gems/ruby-2.0.0-p353/specifications/multi_json-1.9.0.gemspec
I, [2014-03-14T15:08:50.966778 #64049]  INFO -- : 0:  atomic (1.1.15) from /Users/jackdubnicek/.rvm/gems/ruby-2.0.0-p353/specifications/atomic-1.1.15.gemspec
I, [2014-03-14T15:08:50.966991 #64049]  INFO -- : 0:  thread_safe (0.2.0) from /Users/jackdubnicek/.rvm/gems/ruby-2.0.0-p353/specifications/thread_safe-0.2.0.gemspec
I, [2014-03-14T15:08:50.967206 #64049]  INFO -- : 0:  tzinfo (0.3.39) from /Users/jackdubnicek/.rvm/gems/ruby-2.0.0-p353/specifications/tzinfo-0.3.39.gemspec
I, [2014-03-14T15:08:50.967446 #64049]  INFO -- : 0:  activesupport (4.0.3) from /Users/jackdubnicek/.rvm/gems/ruby-2.0.0-p353/specifications/activesupport-4.0.3.gemspec
I, [2014-03-14T15:08:50.967678 #64049]  INFO -- : 0:  builder (3.1.4) from /Users/jackdubnicek/.rvm/gems/ruby-2.0.0-p353/specifications/builder-3.1.4.gemspec
I, [2014-03-14T15:08:50.967899 #64049]  INFO -- : 0:  erubis (2.7.0) from /Users/jackdubnicek/.rvm/gems/ruby-2.0.0-p353/specifications/erubis-2.7.0.gemspec
I, [2014-03-14T15:08:50.968122 #64049]  INFO -- : 0:  rack (1.5.2) from /Users/jackdubnicek/.rvm/gems/ruby-2.0.0-p353/specifications/rack-1.5.2.gemspec
I, [2014-03-14T15:08:50.968327 #64049]  INFO -- : 0:  rack-test (0.6.2) from /Users/jackdubnicek/.rvm/gems/ruby-2.0.0-p353/specifications/rack-test-0.6.2.gemspec
I, [2014-03-14T15:08:50.968554 #64049]  INFO -- : 0:  actionpack (4.0.3) from /Users/jackdubnicek/.rvm/gems/ruby-2.0.0-p353/specifications/actionpack-4.0.3.gemspec
I, [2014-03-14T15:08:50.968779 #64049]  INFO -- : 0:  mime-types (1.25.1) from /Users/jackdubnicek/.rvm/gems/ruby-2.0.0-p353/specifications/mime-types-1.25.1.gemspec
I, [2014-03-14T15:08:50.968996 #64049]  INFO -- : 0:  polyglot (0.3.4) from /Users/jackdubnicek/.rvm/gems/ruby-2.0.0-p353/specifications/polyglot-0.3.4.gemspec
I, [2014-03-14T15:08:50.969214 #64049]  INFO -- : 0:  treetop (1.4.15) from /Users/jackdubnicek/.rvm/gems/ruby-2.0.0-p353/specifications/treetop-1.4.15.gemspec
I, [2014-03-14T15:08:50.969414 #64049]  INFO -- : 0:  mail (2.5.4) from /Users/jackdubnicek/.rvm/gems/ruby-2.0.0-p353/specifications/mail-2.5.4.gemspec
I, [2014-03-14T15:08:50.969607 #64049]  INFO -- : 0:  actionmailer (4.0.3) from /Users/jackdubnicek/.rvm/gems/ruby-2.0.0-p353/specifications/actionmailer-4.0.3.gemspec
I, [2014-03-14T15:08:50.969817 #64049]  INFO -- : 0:  activemodel (4.0.3) from /Users/jackdubnicek/.rvm/gems/ruby-2.0.0-p353/specifications/activemodel-4.0.3.gemspec
I, [2014-03-14T15:08:50.970040 #64049]  INFO -- : 0:  activerecord-deprecated_finders (1.0.3) from /Users/jackdubnicek/.rvm/gems/ruby-2.0.0-p353/specifications/activerecord-deprecated_finders-1.0.3.gemspec
I, [2014-03-14T15:08:50.970268 #64049]  INFO -- : 0:  arel (4.0.2) from /Users/jackdubnicek/.rvm/gems/ruby-2.0.0-p353/specifications/arel-4.0.2.gemspec
I, [2014-03-14T15:08:50.982279 #64049]  INFO -- : 0:  activerecord (4.0.3) from /Users/jackdubnicek/.rvm/gems/ruby-2.0.0-p353/specifications/activerecord-4.0.3.gemspec
I, [2014-03-14T15:08:50.982593 #64049]  INFO -- : 0:  bcrypt (3.1.7) from /Users/jackdubnicek/.rvm/gems/ruby-2.0.0-p353/specifications/bcrypt-3.1.7.gemspec
I, [2014-03-14T15:08:50.982842 #64049]  INFO -- : 0:  bcrypt-ruby (3.1.5) from /Users/jackdubnicek/.rvm/gems/ruby-2.0.0-p353/specifications/bcrypt-ruby-3.1.5.gemspec
I, [2014-03-14T15:08:50.983045 #64049]  INFO -- : 0:  bundler (1.5.1) from /Users/jackdubnicek/.rvm/gems/ruby-2.0.0-p353@global/specifications/bundler-1.5.1.gemspec
I, [2014-03-14T15:08:50.983249 #64049]  INFO -- : 0:  mini_portile (0.5.2) from /Users/jackdubnicek/.rvm/gems/ruby-2.0.0-p353/specifications/mini_portile-0.5.2.gemspec
I, [2014-03-14T15:08:50.983442 #64049]  INFO -- : 0:  nokogiri (1.6.1) from /Users/jackdubnicek/.rvm/gems/ruby-2.0.0-p353/specifications/nokogiri-1.6.1.gemspec
I, [2014-03-14T15:08:50.983631 #64049]  INFO -- : 0:  xpath (2.0.0) from /Users/jackdubnicek/.rvm/gems/ruby-2.0.0-p353/specifications/xpath-2.0.0.gemspec
I, [2014-03-14T15:08:50.983832 #64049]  INFO -- : 0:  capybara (2.2.1) from /Users/jackdubnicek/.rvm/gems/ruby-2.0.0-p353/specifications/capybara-2.2.1.gemspec
I, [2014-03-14T15:08:50.984022 #64049]  INFO -- : 0:  climate_control (0.0.3) from /Users/jackdubnicek/.rvm/gems/ruby-2.0.0-p353/specifications/climate_control-0.0.3.gemspec
I, [2014-03-14T15:08:50.984211 #64049]  INFO -- : 0:  cocaine (0.5.3) from /Users/jackdubnicek/.rvm/gems/ruby-2.0.0-p353/specifications/cocaine-0.5.3.gemspec
I, [2014-03-14T15:08:50.984403 #64049]  INFO -- : 0:  coderay (1.1.0) from /Users/jackdubnicek/.rvm/gems/ruby-2.0.0-p353/specifications/coderay-1.1.0.gemspec
I, [2014-03-14T15:08:50.984594 #64049]  INFO -- : 0:  coffee-script-source (1.7.0) from /Users/jackdubnicek/.rvm/gems/ruby-2.0.0-p353/specifications/coffee-script-source-1.7.0.gemspec
I, [2014-03-14T15:08:50.984783 #64049]  INFO -- : 0:  execjs (2.0.2) from /Users/jackdubnicek/.rvm/gems/ruby-2.0.0-p353/specifications/execjs-2.0.2.gemspec
I, [2014-03-14T15:08:50.984972 #64049]  INFO -- : 0:  coffee-script (2.2.0) from /Users/jackdubnicek/.rvm/gems/ruby-2.0.0-p353/specifications/coffee-script-2.2.0.gemspec
I, [2014-03-14T15:08:50.985160 #64049]  INFO -- : 0:  thor (0.18.1) from /Users/jackdubnicek/.rvm/gems/ruby-2.0.0-p353/specifications/thor-0.18.1.gemspec
I, [2014-03-14T15:08:50.985372 #64049]  INFO -- : 0:  railties (4.0.3) from /Users/jackdubnicek/.rvm/gems/ruby-2.0.0-p353/specifications/railties-4.0.3.gemspec
I, [2014-03-14T15:08:50.985560 #64049]  INFO -- : 0:  coffee-rails (4.0.1) from /Users/jackdubnicek/.rvm/gems/ruby-2.0.0-p353/specifications/coffee-rails-4.0.1.gemspec
I, [2014-03-14T15:08:50.985749 #64049]  INFO -- : 0:  database_cleaner (1.2.0) from /Users/jackdubnicek/.rvm/gems/ruby-2.0.0-p353/specifications/database_cleaner-1.2.0.gemspec
I, [2014-03-14T15:08:50.985937 #64049]  INFO -- : 0:  orm_adapter (0.5.0) from /Users/jackdubnicek/.rvm/gems/ruby-2.0.0-p353/specifications/orm_adapter-0.5.0.gemspec
I, [2014-03-14T15:08:50.986125 #64049]  INFO -- : 0:  warden (1.2.3) from /Users/jackdubnicek/.rvm/gems/ruby-2.0.0-p353/specifications/warden-1.2.3.gemspec
I, [2014-03-14T15:08:50.986315 #64049]  INFO -- : 0:  devise (3.2.3) from /Users/jackdubnicek/.rvm/gems/ruby-2.0.0-p353/specifications/devise-3.2.3.gemspec
I, [2014-03-14T15:08:50.986515 #64049]  INFO -- : 0:  diff-lcs (1.2.5) from /Users/jackdubnicek/.rvm/gems/ruby-2.0.0-p353/specifications/diff-lcs-1.2.5.gemspec
I, [2014-03-14T15:08:50.986705 #64049]  INFO -- : 0:  hike (1.2.3) from /Users/jackdubnicek/.rvm/gems/ruby-2.0.0-p353/specifications/hike-1.2.3.gemspec
I, [2014-03-14T15:08:50.986895 #64049]  INFO -- : 0:  jbuilder (1.5.3) from /Users/jackdubnicek/.rvm/gems/ruby-2.0.0-p353/specifications/jbuilder-1.5.3.gemspec
I, [2014-03-14T15:08:50.987083 #64049]  INFO -- : 0:  jquery-rails (3.1.0) from /Users/jackdubnicek/.rvm/gems/ruby-2.0.0-p353/specifications/jquery-rails-3.1.0.gemspec
I, [2014-03-14T15:08:50.987277 #64049]  INFO -- : 0:  json (1.8.1) from /Users/jackdubnicek/.rvm/gems/ruby-2.0.0-p353/specifications/json-1.8.1.gemspec
I, [2014-03-14T15:08:50.987475 #64049]  INFO -- : 0:  method_source (0.8.2) from /Users/jackdubnicek/.rvm/gems/ruby-2.0.0-p353/specifications/method_source-0.8.2.gemspec
I, [2014-03-14T15:08:50.987666 #64049]  INFO -- : 0:  paperclip (4.1.1) from /Users/jackdubnicek/.rvm/gems/ruby-2.0.0-p353/specifications/paperclip-4.1.1.gemspec
I, [2014-03-14T15:08:50.987860 #64049]  INFO -- : 0:  pg (0.17.1) from /Users/jackdubnicek/.rvm/gems/ruby-2.0.0-p353/specifications/pg-0.17.1.gemspec
I, [2014-03-14T15:08:50.988048 #64049]  INFO -- : 0:  slop (3.4.7) from /Users/jackdubnicek/.rvm/gems/ruby-2.0.0-p353/specifications/slop-3.4.7.gemspec
I, [2014-03-14T15:08:50.988247 #64049]  INFO -- : 0:  pry (0.9.12.6) from /Users/jackdubnicek/.rvm/gems/ruby-2.0.0-p353/specifications/pry-0.9.12.6.gemspec
I, [2014-03-14T15:08:50.988451 #64049]  INFO -- : 0:  tilt (1.4.1) from /Users/jackdubnicek/.rvm/gems/ruby-2.0.0-p353/specifications/tilt-1.4.1.gemspec
I, [2014-03-14T15:08:50.988650 #64049]  INFO -- : 0:  sprockets (2.11.0) from /Users/jackdubnicek/.rvm/gems/ruby-2.0.0-p353/specifications/sprockets-2.11.0.gemspec
I, [2014-03-14T15:08:50.988845 #64049]  INFO -- : 0:  sprockets-rails (2.0.1) from /Users/jackdubnicek/.rvm/gems/ruby-2.0.0-p353/specifications/sprockets-rails-2.0.1.gemspec
I, [2014-03-14T15:08:50.989039 #64049]  INFO -- : 0:  rails (4.0.3) from /Users/jackdubnicek/.rvm/gems/ruby-2.0.0-p353/specifications/rails-4.0.3.gemspec
I, [2014-03-14T15:08:50.989230 #64049]  INFO -- : 0:  rails_autolink (1.1.5) from /Users/jackdubnicek/.rvm/gems/ruby-2.0.0-p353/specifications/rails_autolink-1.1.5.gemspec
I, [2014-03-14T15:08:50.989421 #64049]  INFO -- : 0:  rdoc (4.1.1) from /Users/jackdubnicek/.rvm/gems/ruby-2.0.0-p353/specifications/rdoc-4.1.1.gemspec
I, [2014-03-14T15:08:50.989609 #64049]  INFO -- : 0:  rinku (1.7.3) from /Users/jackdubnicek/.rvm/gems/ruby-2.0.0-p353/specifications/rinku-1.7.3.gemspec
I, [2014-03-14T15:08:50.989813 #64049]  INFO -- : 0:  rspec-core (2.14.8) from /Users/jackdubnicek/.rvm/gems/ruby-2.0.0-p353/specifications/rspec-core-2.14.8.gemspec
I, [2014-03-14T15:08:50.990018 #64049]  INFO -- : 0:  rspec-expectations (2.14.5) from /Users/jackdubnicek/.rvm/gems/ruby-2.0.0-p353/specifications/rspec-expectations-2.14.5.gemspec
I, [2014-03-14T15:08:50.990227 #64049]  INFO -- : 0:  rspec-mocks (2.14.6) from /Users/jackdubnicek/.rvm/gems/ruby-2.0.0-p353/specifications/rspec-mocks-2.14.6.gemspec
I, [2014-03-14T15:08:50.990433 #64049]  INFO -- : 0:  rspec-rails (2.14.1) from /Users/jackdubnicek/.rvm/gems/ruby-2.0.0-p353/specifications/rspec-rails-2.14.1.gemspec
I, [2014-03-14T15:08:50.990628 #64049]  INFO -- : 0:  sass (3.3.2) from /Users/jackdubnicek/.rvm/gems/ruby-2.0.0-p353/specifications/sass-3.3.2.gemspec
I, [2014-03-14T15:08:50.990819 #64049]  INFO -- : 0:  sass-rails (4.0.1) from /Users/jackdubnicek/.rvm/gems/ruby-2.0.0-p353/specifications/sass-rails-4.0.1.gemspec
I, [2014-03-14T15:08:50.991008 #64049]  INFO -- : 0:  sdoc (0.4.0) from /Users/jackdubnicek/.rvm/gems/ruby-2.0.0-p353/specifications/sdoc-0.4.0.gemspec
I, [2014-03-14T15:08:50.991200 #64049]  INFO -- : 0:  turbolinks (2.2.1) from /Users/jackdubnicek/.rvm/gems/ruby-2.0.0-p353/specifications/turbolinks-2.2.1.gemspec
I, [2014-03-14T15:08:50.991390 #64049]  INFO -- : 0:  uglifier (2.4.0) from /Users/jackdubnicek/.rvm/gems/ruby-2.0.0-p353/specifications/uglifier-2.4.0.gemspec
